[02:39:46] [main/INFO]: Loading tweak class name cpw.mods.fml.common.launcher.FMLTweaker
[02:39:46] [main/INFO]: Using primary tweak class name cpw.mods.fml.common.launcher.FMLTweaker
[02:39:46] [main/INFO]: Calling tweak class cpw.mods.fml.common.launcher.FMLTweaker
[02:39:46] [main/INFO]: Forge Mod Loader version 7.2.211.1121 for Minecraft 1.7.2 loading
[02:39:46] [main/INFO]: Java is Java HotSpot(TM) Client VM, version 1.7.0_40, running on Windows 8:x86:6.2, installed at C:\Program Files (x86)\Java\jdk1.7.0_40\jre
[02:39:46] [main/INFO]: Managed to load a deobfuscated Minecraft name- we are in a deobfuscated environment. Skipping runtime deobfuscation
[02:39:46] [main/INFO]: Loading tweak class name cpw.mods.fml.common.launcher.FMLInjectionAndSortingTweaker
[02:39:46] [main/INFO]: Loading tweak class name cpw.mods.fml.common.launcher.FMLDeobfTweaker
[02:39:46] [main/INFO]: Calling tweak class cpw.mods.fml.common.launcher.FMLInjectionAndSortingTweaker
[02:39:46] [main/INFO]: Calling tweak class cpw.mods.fml.common.launcher.FMLInjectionAndSortingTweaker
[02:39:46] [main/INFO]: Calling tweak class cpw.mods.fml.relauncher.CoreModManager$FMLPluginWrapper
[02:39:47] [main/ERROR]: The binary patch set is missing. Either you are in a development environment, or things are not going to work!
[02:39:47] [main/ERROR]: The minecraft jar file:/C:/Users/Brian/.gradle/caches/minecraft/net/minecraftforge/forge/1.7.2-10.12.2.1121/forgeSrc-1.7.2-10.12.2.1121.jar!/net/minecraft/client/ClientBrandRetriever.class appears to be corrupt! There has been CRITICAL TAMPERING WITH MINECRAFT, it is highly unlikely minecraft will work! STOP NOW, get a clean copy and try again!
[02:39:47] [main/ERROR]: FML has been ordered to ignore the invalid or missing minecraft certificate. This is very likely to cause a problem!
[02:39:47] [main/ERROR]: Technical information: ClientBrandRetriever was at jar:file:/C:/Users/Brian/.gradle/caches/minecraft/net/minecraftforge/forge/1.7.2-10.12.2.1121/forgeSrc-1.7.2-10.12.2.1121.jar!/net/minecraft/client/ClientBrandRetriever.class, there were 0 certificates for it
[02:39:47] [main/ERROR]: FML appears to be missing any signature data. This is not a good thing
[02:39:47] [main/INFO]: Calling tweak class cpw.mods.fml.relauncher.CoreModManager$FMLPluginWrapper
[02:39:47] [main/INFO]: Calling tweak class cpw.mods.fml.common.launcher.FMLDeobfTweaker
[02:39:47] [main/INFO]: Launching wrapped minecraft {net.minecraft.client.main.Main}
[02:39:48] [main/INFO]: Setting user: ForgeDevName
[02:39:49] [Client thread/INFO]: LWJGL Version: 2.9.0
[02:39:49] [Client thread/INFO]: Attempting early MinecraftForge initialization
[02:39:49] [Client thread/INFO]: MinecraftForge v10.12.2.1121 Initialized
[02:39:49] [Client thread/INFO]: Replaced 182 ore recipies
[02:39:49] [Client thread/INFO]: Completed early MinecraftForge initialization
[02:39:49] [Client thread/INFO]: Searching E:\Projects\LetsModReboot\eclipse\mods for mods
[02:39:51] [Client thread/WARN]: Zip file rt.jar failed to read properly, it will be ignored
java.lang.NullPointerException
	at cpw.mods.fml.common.discovery.asm.ASMModParser.isBaseMod(ASMModParser.java:130) ~[ASMModParser.class:?]
	at cpw.mods.fml.common.ModContainerFactory.build(ModContainerFactory.java:34) ~[ModContainerFactory.class:?]
	at cpw.mods.fml.common.discovery.JarDiscoverer.discover(JarDiscoverer.java:83) [JarDiscoverer.class:?]
	at cpw.mods.fml.common.discovery.ContainerType.findMods(ContainerType.java:42) [ContainerType.class:?]
	at cpw.mods.fml.common.discovery.ModCandidate.explore(ModCandidate.java:71) [ModCandidate.class:?]
	at cpw.mods.fml.common.discovery.ModDiscoverer.identifyMods(ModDiscoverer.java:123) [ModDiscoverer.class:?]
	at cpw.mods.fml.common.Loader.identifyMods(Loader.java:346) [Loader.class:?]
	at cpw.mods.fml.common.Loader.loadMods(Loader.java:467) [Loader.class:?]
	at cpw.mods.fml.client.FMLClientHandler.beginMinecraftLoading(FMLClientHandler.java:204) [FMLClientHandler.class:?]
	at net.minecraft.client.Minecraft.startGame(Minecraft.java:522) [Minecraft.class:?]
	at net.minecraft.client.Minecraft.run(Minecraft.java:892) [Minecraft.class:?]
	at net.minecraft.client.main.Main.main(Main.java:112) [Main.class:?]
	at sun.reflect.NativeMethodAccessorImpl.invoke0(Native Method) ~[?:1.7.0_40]
	at sun.reflect.NativeMethodAccessorImpl.invoke(NativeMethodAccessorImpl.java:57) ~[?:1.7.0_40]
	at sun.reflect.DelegatingMethodAccessorImpl.invoke(DelegatingMethodAccessorImpl.java:43) ~[?:1.7.0_40]
	at java.lang.reflect.Method.invoke(Method.java:606) ~[?:1.7.0_40]
	at net.minecraft.launchwrapper.Launch.launch(Launch.java:134) [launchwrapper-1.9.jar:?]
	at net.minecraft.launchwrapper.Launch.main(Launch.java:28) [launchwrapper-1.9.jar:?]
	at sun.reflect.NativeMethodAccessorImpl.invoke0(Native Method) ~[?:1.7.0_40]
	at sun.reflect.NativeMethodAccessorImpl.invoke(NativeMethodAccessorImpl.java:57) ~[?:1.7.0_40]
	at sun.reflect.DelegatingMethodAccessorImpl.invoke(DelegatingMethodAccessorImpl.java:43) ~[?:1.7.0_40]
	at java.lang.reflect.Method.invoke(Method.java:606) ~[?:1.7.0_40]
	at com.intellij.rt.execution.application.AppMain.main(AppMain.java:134) [idea_rt.jar:?]
[02:39:51] [Client thread/ERROR]: The mcmod.info file in LetsModReboot cannot be parsed as valid JSON. It will be ignored
com.google.gson.JsonSyntaxException: com.google.gson.stream.MalformedJsonException: Unterminated array at line 12 column 7
	at com.google.gson.internal.Streams.parse(Streams.java:56) ~[Streams.class:?]
	at com.google.gson.JsonParser.parse(JsonParser.java:84) ~[JsonParser.class:?]
	at com.google.gson.JsonParser.parse(JsonParser.java:59) ~[JsonParser.class:?]
	at cpw.mods.fml.common.MetadataCollection.from(MetadataCollection.java:55) [MetadataCollection.class:?]
	at cpw.mods.fml.common.discovery.DirectoryDiscoverer.exploreFileSystem(DirectoryDiscoverer.java:69) [DirectoryDiscoverer.class:?]
	at cpw.mods.fml.common.discovery.DirectoryDiscoverer.discover(DirectoryDiscoverer.java:53) [DirectoryDiscoverer.class:?]
	at cpw.mods.fml.common.discovery.ContainerType.findMods(ContainerType.java:42) [ContainerType.class:?]
	at cpw.mods.fml.common.discovery.ModCandidate.explore(ModCandidate.java:71) [ModCandidate.class:?]
	at cpw.mods.fml.common.discovery.ModDiscoverer.identifyMods(ModDiscoverer.java:123) [ModDiscoverer.class:?]
	at cpw.mods.fml.common.Loader.identifyMods(Loader.java:346) [Loader.class:?]
	at cpw.mods.fml.common.Loader.loadMods(Loader.java:467) [Loader.class:?]
	at cpw.mods.fml.client.FMLClientHandler.beginMinecraftLoading(FMLClientHandler.java:204) [FMLClientHandler.class:?]
	at net.minecraft.client.Minecraft.startGame(Minecraft.java:522) [Minecraft.class:?]
	at net.minecraft.client.Minecraft.run(Minecraft.java:892) [Minecraft.class:?]
	at net.minecraft.client.main.Main.main(Main.java:112) [Main.class:?]
	at sun.reflect.NativeMethodAccessorImpl.invoke0(Native Method) ~[?:1.7.0_40]
	at sun.reflect.NativeMethodAccessorImpl.invoke(NativeMethodAccessorImpl.java:57) ~[?:1.7.0_40]
	at sun.reflect.DelegatingMethodAccessorImpl.invoke(DelegatingMethodAccessorImpl.java:43) ~[?:1.7.0_40]
	at java.lang.reflect.Method.invoke(Method.java:606) ~[?:1.7.0_40]
	at net.minecraft.launchwrapper.Launch.launch(Launch.java:134) [launchwrapper-1.9.jar:?]
	at net.minecraft.launchwrapper.Launch.main(Launch.java:28) [launchwrapper-1.9.jar:?]
	at sun.reflect.NativeMethodAccessorImpl.invoke0(Native Method) ~[?:1.7.0_40]
	at sun.reflect.NativeMethodAccessorImpl.invoke(NativeMethodAccessorImpl.java:57) ~[?:1.7.0_40]
	at sun.reflect.DelegatingMethodAccessorImpl.invoke(DelegatingMethodAccessorImpl.java:43) ~[?:1.7.0_40]
	at java.lang.reflect.Method.invoke(Method.java:606) ~[?:1.7.0_40]
	at com.intellij.rt.execution.application.AppMain.main(AppMain.java:134) [idea_rt.jar:?]
Caused by: com.google.gson.stream.MalformedJsonException: Unterminated array at line 12 column 7
	at com.google.gson.stream.JsonReader.syntaxError(JsonReader.java:1505) ~[JsonReader.class:?]
	at com.google.gson.stream.JsonReader.doPeek(JsonReader.java:465) ~[JsonReader.class:?]
	at com.google.gson.stream.JsonReader.hasNext(JsonReader.java:403) ~[JsonReader.class:?]
	at com.google.gson.internal.bind.TypeAdapters$25.read(TypeAdapters.java:658) ~[TypeAdapters$25.class:?]
	at com.google.gson.internal.bind.TypeAdapters$25.read(TypeAdapters.java:667) ~[TypeAdapters$25.class:?]
	at com.google.gson.internal.bind.TypeAdapters$25.read(TypeAdapters.java:659) ~[TypeAdapters$25.class:?]
	at com.google.gson.internal.bind.TypeAdapters$25.read(TypeAdapters.java:667) ~[TypeAdapters$25.class:?]
	at com.google.gson.internal.bind.TypeAdapters$25.read(TypeAdapters.java:642) ~[TypeAdapters$25.class:?]
	at com.google.gson.internal.Streams.parse(Streams.java:44) ~[Streams.class:?]
	... 25 more
[02:39:51] [Client thread/ERROR]: FML has detected a mod that is using a package name based on 'net.minecraft.src' : net.minecraft.src.FMLRenderAccessLibrary. This is generally a severe programming error.  There should be no mod code in the minecraft namespace. MOVE YOUR MOD! If you're in eclipse, select your source code and 'refactor' it into a new package. Go on. DO IT NOW!
[02:39:52] [Client thread/INFO]: Forge Mod Loader has identified 4 mods to load
[02:39:52] [Client thread/INFO]: Reloading ResourceManager: Default, FMLFileResourcePack:Forge Mod Loader, FMLFileResourcePack:Minecraft Forge, FMLFileResourcePack:Lets Mod reboot
[02:39:52] [Client thread/INFO]: Processing ObjectHolder annotations
[02:39:53] [Client thread/INFO]: Found 341 ObjectHolder annotations
[02:39:53] [Client thread/INFO]: Configured a dormant chunk cache size of 0
[02:39:53] [Client thread/INFO]: Applying holder lookups
[02:39:53] [Client thread/INFO]: Holder lookups applied
[02:39:53] [Client thread/INFO]: Created: 512x256 textures/blocks-atlas
[02:39:53] [Sound Library Loader/INFO]: Sound engine started
[02:39:53] [Client thread/INFO]: Created: 256x256 textures/items-atlas
[02:39:53] [Client thread/INFO]: Forge Mod Loader has successfully loaded 4 mods
[02:39:53] [Client thread/INFO]: Reloading ResourceManager: Default, FMLFileResourcePack:Forge Mod Loader, FMLFileResourcePack:Minecraft Forge, FMLFileResourcePack:Lets Mod reboot
[02:39:53] [Client thread/INFO]: Created: 256x256 textures/items-atlas
[02:39:54] [Client thread/INFO]: Created: 512x256 textures/blocks-atlas
[02:39:54] [MCO Availability Checker #1/ERROR]: Couldn't connect to Realms
[02:39:54] [Sound Library Loader/INFO]: Sound engine started
